2021-11-26 00:43:37.983  INFO 248385 --- [main] io.Demo.Project1Application              : Starting Project1Application using Java 17 on user-Latitude-3420 with PID 248385 (/home/user/Downloads/Project1/target/classes started by user in /home/user/Downloads/Project1)
2021-11-26 00:43:37.986  INFO 248385 --- [main] io.Demo.Project1Application              : No active profile set, falling back to default profiles: default
2021-11-26 00:43:39.105  INFO 248385 --- [main] o.s.b.w.embedded.tomcat.TomcatWebServer  : Tomcat initialized with port(s): 8080 (http)
2021-11-26 00:43:39.122  INFO 248385 --- [main] o.apache.catalina.core.StandardService   : Starting service [Tomcat]
2021-11-26 00:43:39.123  INFO 248385 --- [main] org.apache.catalina.core.StandardEngine  : Starting Servlet engine: [Apache Tomcat/9.0.54]
2021-11-26 00:43:39.198  INFO 248385 --- [main] o.a.c.c.C.[Tomcat].[localhost].[/]       : Initializing Spring embedded WebApplicationContext
2021-11-26 00:43:39.198  INFO 248385 --- [main] w.s.c.ServletWebServerApplicationContext : Root WebApplicationContext: initialization completed in 1127 ms
2021-11-26 00:43:39.606  INFO 248385 --- [main] o.s.b.w.embedded.tomcat.TomcatWebServer  : Tomcat started on port(s): 8080 (http) with context path ''
2021-11-26 00:43:39.620  INFO 248385 --- [main] io.Demo.Project1Application              : Started Project1Application in 2.076 seconds (JVM running for 2.696)
2021-11-26 00:44:10.826  INFO 248385 --- [http-nio-8080-exec-1] o.a.c.c.C.[Tomcat].[localhost].[/]       : Initializing Spring DispatcherServlet 'dispatcherServlet'
2021-11-26 00:44:10.827  INFO 248385 --- [http-nio-8080-exec-1] o.s.web.servlet.DispatcherServlet        : Initializing Servlet 'dispatcherServlet'
2021-11-26 00:44:10.829  INFO 248385 --- [http-nio-8080-exec-1] o.s.web.servlet.DispatcherServlet        : Completed initialization in 2 ms
2021-11-26 00:44:10.924  INFO 248385 --- [http-nio-8080-exec-1] io.Demo.loginController.LoginService     : {db68001c-2a81-4d39-97d9-8b0166159ea7=User [username=harshit, token=db68001c-2a81-4d39-97d9-8b0166159ea7, homeDir=/home/user, pwd=/home/user/harshit]}
2021-11-26 00:44:37.790  INFO 248385 --- [http-nio-8080-exec-5] io.Demo.loginController.LoginService     : {e5742d7a-001d-45f6-a724-a123a70b2b39=User [username=gurpreet, token=e5742d7a-001d-45f6-a724-a123a70b2b39, homeDir=/home/user, pwd=/home/user/gurpreet], db68001c-2a81-4d39-97d9-8b0166159ea7=User [username=harshit, token=db68001c-2a81-4d39-97d9-8b0166159ea7, homeDir=/home/user, pwd=/home/user/harshit]}
2021-11-26 00:44:45.863  INFO 248385 --- [http-nio-8080-exec-8] io.Demo.loginController.LoginService     : All users : {e5742d7a-001d-45f6-a724-a123a70b2b39=User [username=gurpreet, token=e5742d7a-001d-45f6-a724-a123a70b2b39, homeDir=/home/user, pwd=/home/user/gurpreet], db68001c-2a81-4d39-97d9-8b0166159ea7=User [username=harshit, token=db68001c-2a81-4d39-97d9-8b0166159ea7, homeDir=/home/user, pwd=/home/user/harshit]}
2021-11-26 00:45:13.320  INFO 248385 --- [http-nio-8080-exec-2] io.Demo.loginController.LoginService     : JsonConverter [request=cwd, result=/home/user/harshit]
2021-11-26 00:45:18.636  INFO 248385 --- [http-nio-8080-exec-4] io.Demo.loginController.LoginService     : JsonLs2 [ls=[JsonLs [name=/home/user/harshit/harshitPassword, type=FILE], JsonLs [name=/home/user/harshit/harshitPhotos, type=DIRECTORY], JsonLs [name=/home/user/harshit/harshitBankDetails.txt, type=FILE], JsonLs [name=/home/user/harshit/harshitPersonalDetails, type=DIRECTORY]]]
2021-11-26 00:45:52.617  INFO 248385 --- [http-nio-8080-exec-10] io.Demo.loginController.LoginService     : JsonConverter [request=cwd, result=/home/user/harshit/harshitPersonalDetails]
2021-11-26 00:46:01.017  INFO 248385 --- [http-nio-8080-exec-3] io.Demo.loginController.LoginService     : User logged out
2021-11-26 00:51:38.868  INFO 249771 --- [main] io.Demo.Project1Application              : Starting Project1Application using Java 17 on user-Latitude-3420 with PID 249771 (/home/user/Downloads/Project1/target/classes started by user in /home/user/Downloads/Project1)
2021-11-26 00:51:38.870  INFO 249771 --- [main] io.Demo.Project1Application              : No active profile set, falling back to default profiles: default
2021-11-26 00:51:39.952  INFO 249771 --- [main] o.s.b.w.embedded.tomcat.TomcatWebServer  : Tomcat initialized with port(s): 8080 (http)
2021-11-26 00:51:39.968  INFO 249771 --- [main] o.apache.catalina.core.StandardService   : Starting service [Tomcat]
2021-11-26 00:51:39.968  INFO 249771 --- [main] org.apache.catalina.core.StandardEngine  : Starting Servlet engine: [Apache Tomcat/9.0.54]
2021-11-26 00:51:40.034  INFO 249771 --- [main] o.a.c.c.C.[Tomcat].[localhost].[/]       : Initializing Spring embedded WebApplicationContext
2021-11-26 00:51:40.035  INFO 249771 --- [main] w.s.c.ServletWebServerApplicationContext : Root WebApplicationContext: initialization completed in 1109 ms
2021-11-26 00:51:40.472  INFO 249771 --- [main] o.s.b.w.embedded.tomcat.TomcatWebServer  : Tomcat started on port(s): 8080 (http) with context path ''
2021-11-26 00:51:40.483  INFO 249771 --- [main] io.Demo.Project1Application              : Started Project1Application in 2.066 seconds (JVM running for 2.502)
2021-11-26 00:59:56.011  INFO 250309 --- [main] io.Demo.Project1Application              : Starting Project1Application using Java 11.0.11 on user-Latitude-3420 with PID 250309 (/home/user/Downloads/Project1/target/classes started by user in /home/user/Downloads/Project1)
2021-11-26 00:59:56.013  INFO 250309 --- [main] io.Demo.Project1Application              : No active profile set, falling back to default profiles: default
2021-11-26 00:59:56.600  INFO 250309 --- [main] o.s.b.w.embedded.tomcat.TomcatWebServer  : Tomcat initialized with port(s): 8080 (http)
2021-11-26 00:59:56.640  INFO 250309 --- [main] o.apache.catalina.core.StandardService   : Starting service [Tomcat]
2021-11-26 00:59:56.640  INFO 250309 --- [main] org.apache.catalina.core.StandardEngine  : Starting Servlet engine: [Apache Tomcat/9.0.54]
2021-11-26 00:59:56.682  INFO 250309 --- [main] o.a.c.c.C.[Tomcat].[localhost].[/]       : Initializing Spring embedded WebApplicationContext
2021-11-26 00:59:56.682  INFO 250309 --- [main] w.s.c.ServletWebServerApplicationContext : Root WebApplicationContext: initialization completed in 628 ms
2021-11-26 00:59:56.976  INFO 250309 --- [main] o.s.b.w.embedded.tomcat.TomcatWebServer  : Tomcat started on port(s): 8080 (http) with context path ''
2021-11-26 00:59:56.984  INFO 250309 --- [main] io.Demo.Project1Application              : Started Project1Application in 1.481 seconds (JVM running for 1.887)
2021-11-26 01:01:27.574  INFO 250309 --- [http-nio-8080-exec-1] o.a.c.c.C.[Tomcat].[localhost].[/]       : Initializing Spring DispatcherServlet 'dispatcherServlet'
2021-11-26 01:01:27.576  INFO 250309 --- [http-nio-8080-exec-1] o.s.web.servlet.DispatcherServlet        : Initializing Servlet 'dispatcherServlet'
2021-11-26 01:01:27.577  INFO 250309 --- [http-nio-8080-exec-1] o.s.web.servlet.DispatcherServlet        : Completed initialization in 1 ms
2021-11-26 01:01:27.688  INFO 250309 --- [http-nio-8080-exec-1] io.Demo.loginController.LoginService     : {f5cbbd35-4a93-400b-8e29-eb4c510b35b7=User [username=harshit, token=f5cbbd35-4a93-400b-8e29-eb4c510b35b7, homeDir=/home/user, pwd=/home/user/harshit]}
2021-11-26 01:01:48.624  INFO 250309 --- [http-nio-8080-exec-2] io.Demo.loginController.LoginService     : All users : {f5cbbd35-4a93-400b-8e29-eb4c510b35b7=User [username=harshit, token=f5cbbd35-4a93-400b-8e29-eb4c510b35b7, homeDir=/home/user, pwd=/home/user/harshit]}
2021-11-26 01:02:05.175  INFO 250309 --- [http-nio-8080-exec-3] io.Demo.loginController.LoginService     : All users : {f5cbbd35-4a93-400b-8e29-eb4c510b35b7=User [username=harshit, token=f5cbbd35-4a93-400b-8e29-eb4c510b35b7, homeDir=/home/user, pwd=/home/user/harshit]}
2021-11-26 01:04:36.139  INFO 250309 --- [http-nio-8080-exec-5] io.Demo.loginController.LoginService     : All users : {f5cbbd35-4a93-400b-8e29-eb4c510b35b7=User [username=harshit, token=f5cbbd35-4a93-400b-8e29-eb4c510b35b7, homeDir=/home/user, pwd=/home/user/harshit]}
